<?xml version="1.0" encoding="UTF-8"?>
<testsuite xmlns:xsi="http://www.w3.org/2001/XMLSchema-instance" xsi:noNamespaceSchemaLocation="https://maven.apache.org/surefire/maven-surefire-plugin/xsd/surefire-test-report-3.0.xsd" version="3.0" name="TestSuite" time="27.319" tests="1" errors="0" skipped="0" failures="0">
  <properties>
[...]
</properties>
  <testcase name="test" classname="com.scripts.goIbibo" time="26.61">
    <system-out><![CDATA[Book Cheap Flights, Air Tickets, Hotels, Bus & Holiday Package at Goibibo
]]></system-out>
    <system-err><![CDATA[Jun 22, 2024 5:38:48 PM org.openqa.selenium.devtools.CdpVersionFinder findNearestMatch
WARNING: Unable to find an exact match for CDP version 126, returning the closest version; found: 123; Please update to a Selenium version that supports CDP version 126
]]></system-err>
  </testcase>
</testsuite>