<?xml version="1.0" encoding="UTF-8"?>
<testng-results ignored="0" total="1" passed="1" failed="0" skipped="0">
  <reporter-output>
  </reporter-output>
  <suite started-at="2024-06-22T17:38:46 IST" name="Suite" finished-at="2024-06-22T17:39:13 IST" duration-ms="26662">
    <groups>
    </groups>
    <test started-at="2024-06-22T17:38:46 IST" name="Test" finished-at="2024-06-22T17:39:13 IST" duration-ms="26662">
      <class name="com.scripts.goIbibo">
        <test-method signature="test()[pri:0, instance:com.scripts.goIbibo@418e7838]" started-at="2024-06-22T17:38:46 IST" name="test" finished-at="2024-06-22T17:39:13 IST" duration-ms="26611" status="PASS">
          <reporter-output>
          </reporter-output>
        </test-method> <!-- test -->
      </class> <!-- com.scripts.goIbibo -->
    </test> <!-- Test -->
  </suite> <!-- Suite -->
</testng-results>
