<?xml version="1.0" encoding="UTF-8"?>
<testng-results ignored="0" total="1" passed="1" failed="0" skipped="0">
  <reporter-output>
  </reporter-output>
  <suite started-at="2024-06-25T12:25:12 IST" name="Default suite" finished-at="2024-06-25T12:25:23 IST" duration-ms="10978">
    <groups>
    </groups>
    <test started-at="2024-06-25T12:25:12 IST" name="Default test" finished-at="2024-06-25T12:25:23 IST" duration-ms="10978">
      <class name="com.scripts.javaProgram">
        <test-method signature="NSEAutomation()[pri:0, instance:com.scripts.javaProgram@79924b]" started-at="2024-06-25T12:25:12 IST" name="NSEAutomation" finished-at="2024-06-25T12:25:23 IST" duration-ms="10901" status="PASS">
          <reporter-output>
          </reporter-output>
        </test-method> <!-- NSEAutomation -->
      </class> <!-- com.scripts.javaProgram -->
    </test> <!-- Default test -->
  </suite> <!-- Default suite -->
</testng-results>
