<?xml version="1.0" encoding="UTF-8"?>
<testng-results ignored="0" total="1" passed="1" failed="0" skipped="0">
  <reporter-output>
  </reporter-output>
  <suite started-at="2024-06-22T17:21:43 IST" name="Default suite" finished-at="2024-06-22T17:22:10 IST" duration-ms="26507">
    <groups>
    </groups>
    <test started-at="2024-06-22T17:21:43 IST" name="Default test" finished-at="2024-06-22T17:22:10 IST" duration-ms="26507">
      <class name="com.scripts.goIbibo">
        <test-method signature="test()[pri:0, instance:com.scripts.goIbibo@7ec7ffd3]" started-at="2024-06-22T17:21:43 IST" name="test" finished-at="2024-06-22T17:22:10 IST" duration-ms="26438" status="PASS">
          <reporter-output>
          </reporter-output>
        </test-method> <!-- test -->
      </class> <!-- com.scripts.goIbibo -->
    </test> <!-- Default test -->
  </suite> <!-- Default suite -->
</testng-results>
